<?xml version="1.0" encoding="UTF-8"?>
<testsuite xmlns:xsi="http://www.w3.org/2001/XMLSchema-instance" xsi:noNamespaceSchemaLocation="https://maven.apache.org/surefire/maven-surefire-plugin/xsd/surefire-test-report.xsd" name="HomeTask2Test" time="0.465" tests="2" errors="2" skipped="0" failures="0">
  <properties>
[...]
</properties>
  <testcase name="testBook" classname="HomeTask2Test" time="0.437">
    <error message="&#10;Mockito cannot mock this class: class com.mycompany.bookshop.DAO.Book.&#10;&#10;Mockito can only mock non-private &amp; non-final classes.&#10;If you&apos;re not sure why you&apos;re getting this error, please report to the mailing list.&#10;&#10;&#10;Java               : 11&#10;JVM vendor name    : Ubuntu&#10;JVM vendor version : 11.0.14.1+1-Ubuntu-0ubuntu1.20.04&#10;JVM name           : OpenJDK 64-Bit Server VM&#10;JVM version        : 11.0.14.1+1-Ubuntu-0ubuntu1.20.04&#10;JVM info           : mixed mode, sharing&#10;OS name            : Linux&#10;OS version         : 5.4.0-107-generic&#10;&#10;&#10;Underlying exception : java.lang.UnsupportedOperationException: Cannot define class using reflection" type="org.mockito.exceptions.base.MockitoException"><![CDATA[org.mockito.exceptions.base.MockitoException: 

Mockito cannot mock this class: class com.mycompany.bookshop.DAO.Book.

Mockito can only mock non-private & non-final classes.
If you're not sure why you're getting this error, please report to the mailing list.


Java               : 11
JVM vendor name    : Ubuntu
JVM vendor version : 11.0.14.1+1-Ubuntu-0ubuntu1.20.04
JVM name           : OpenJDK 64-Bit Server VM
JVM version        : 11.0.14.1+1-Ubuntu-0ubuntu1.20.04
JVM info           : mixed mode, sharing
OS name            : Linux
OS version         : 5.4.0-107-generic


Underlying exception : java.lang.UnsupportedOperationException: Cannot define class using reflection
	at HomeTask2Test.testBook(HomeTask2Test.java:38)
Caused by: java.lang.UnsupportedOperationException: Cannot define class using reflection
	at HomeTask2Test.testBook(HomeTask2Test.java:38)
Caused by: java.lang.IllegalArgumentException: Unknown Java version: 11
	at HomeTask2Test.testBook(HomeTask2Test.java:38)
]]></error>
  </testcase>
  <testcase name="testDataSource" classname="HomeTask2Test" time="0.02">
    <error message="&#10;Mockito cannot mock this class: class com.mycompany.bookshop.DataSource.&#10;&#10;Mockito can only mock non-private &amp; non-final classes.&#10;If you&apos;re not sure why you&apos;re getting this error, please report to the mailing list.&#10;&#10;&#10;Java               : 11&#10;JVM vendor name    : Ubuntu&#10;JVM vendor version : 11.0.14.1+1-Ubuntu-0ubuntu1.20.04&#10;JVM name           : OpenJDK 64-Bit Server VM&#10;JVM version        : 11.0.14.1+1-Ubuntu-0ubuntu1.20.04&#10;JVM info           : mixed mode, sharing&#10;OS name            : Linux&#10;OS version         : 5.4.0-107-generic&#10;&#10;&#10;Underlying exception : java.lang.UnsupportedOperationException: Cannot define class using reflection" type="org.mockito.exceptions.base.MockitoException"><![CDATA[org.mockito.exceptions.base.MockitoException: 

Mockito cannot mock this class: class com.mycompany.bookshop.DataSource.

Mockito can only mock non-private & non-final classes.
If you're not sure why you're getting this error, please report to the mailing list.


Java               : 11
JVM vendor name    : Ubuntu
JVM vendor version : 11.0.14.1+1-Ubuntu-0ubuntu1.20.04
JVM name           : OpenJDK 64-Bit Server VM
JVM version        : 11.0.14.1+1-Ubuntu-0ubuntu1.20.04
JVM info           : mixed mode, sharing
OS name            : Linux
OS version         : 5.4.0-107-generic


Underlying exception : java.lang.UnsupportedOperationException: Cannot define class using reflection
	at HomeTask2Test.testDataSource(HomeTask2Test.java:23)
Caused by: java.lang.UnsupportedOperationException: Cannot define class using reflection
	at HomeTask2Test.testDataSource(HomeTask2Test.java:23)
Caused by: java.lang.IllegalArgumentException: Unknown Java version: 11
	at HomeTask2Test.testBook(HomeTask2Test.java:38)
]]></error>
  </testcase>
</testsuite>